


ARM Macro Assembler    Page 1 


    1 00000000         ; Exemplo.s
    2 00000000         ; Desenvolvido para a placa EK-TM4C1294XL
    3 00000000         ; Prof. Guilherme Peron
    4 00000000         ; 12/03/2018
    5 00000000         
    6 00000000         ; ------------------------------------------------------
                       -------------------------
    7 00000000                 THUMB                        ; Instruções do t
                                                            ipo Thumb-2
    8 00000000         ; ------------------------------------------------------
                       -------------------------
    9 00000000         ; Declarações EQU - Defines
   10 00000000         ; <NOME>         EQU <VALOR>
   11 00000000         ; ------------------------------------------------------
                       -------------------------
   12 00000000         ; Área de Dados - Declarações de variáveis
   13 00000000                 AREA             DATA, ALIGN=2
   14 00000000         ; Se alguma variável for chamada em outro arquivo
   15 00000000         ; EXPORT  <var> [DATA,SIZE=<tam>]   ; Permite chamar a v
                       ariável <var> a 
   16 00000000         ; partir de outro arquivo
   17 00000000         ; <var>  SPACE <tam>                        ; Declara um
                       a variável de nome <var>
   18 00000000         ; de <tam> bytes a partir da primeira 
   19 00000000         ; posição da RAM    
   20 00000000         
   21 00000000 00 00 00 
              00       Tab_1   SPACE            0x4
   22 00000004 00 00 00 
              00       Tab_2   SPACE            0x4
   23 00000008 00 00 00 
              00       Tab_3   SPACE            0x4
   24 0000000C 00 00 00 
              00       Tab_4   SPACE            0x4
   25 00000010 00 00 00 
              00       Tab_5   SPACE            0x4
   26 00000014 00 00 00 
              00       Tab_6   SPACE            0x4
   27 00000018 00 00 00 
              00       Tab_7   SPACE            0x4
   28 0000001C 00 00 00 
              00       Tab_8   SPACE            0x4
   29 00000020 00 00 00 
              00       Tab_9   SPACE            0x4
   30 00000024         
   31 00000024 00 00 00 
              00       current_number
                               SPACE            0x4
   32 00000028 00 00 00 
              00       current_multiplier
                               SPACE            0x4
   33 0000002C         
   34 0000002C         ; ------------------------------------------------------
                       -------------------------
   35 0000002C         ; Área de Código - Tudo abaixo da diretiva a seguir se
                       rá armazenado na memória de 
   36 0000002C         ;                  código
   37 0000002C                 AREA             |.text|, CODE, READONLY, ALIGN=
2



ARM Macro Assembler    Page 2 


   38 00000000         
   39 00000000         ; Se alguma função do arquivo for chamada em outro arq
                       uivo    
   40 00000000                 EXPORT           Start       ; Permite chamar a 
                                                            função Start a pa
                                                            rtir de 
   41 00000000         ; outro arquivo. No caso startup.s
   42 00000000         
   43 00000000         ; Se chamar alguma função externa    
   44 00000000         ; IMPORT <func>              ; Permite chamar dentro des
                       te arquivo uma 
   45 00000000         ; função <func>
   46 00000000         
   47 00000000                 IMPORT           PLL_Init
   48 00000000                 IMPORT           SysTick_Init
   49 00000000                 IMPORT           SysTick_Wait1ms
   50 00000000                 IMPORT           SysTick_Wait
   51 00000000                 IMPORT           LCD_init
   52 00000000                 IMPORT           LCD_ResetLCD
   53 00000000                 IMPORT           LCD_SetCursorPos
   54 00000000                 IMPORT           LCD_printArrayInLcd
   55 00000000                 IMPORT           LCD_PulaCursorSegundaLinha
   56 00000000                 IMPORT           envia_dado_lcd
   57 00000000                 IMPORT           MKBOARD_GPIOinit
   58 00000000                 IMPORT           MKEYBOARD_readKeyboard
   59 00000000         
   60 00000000         Start
   61 00000000         ; Inicialização
   62 00000000 F7FF FFFE       BL               PLL_Init
   63 00000004 F7FF FFFE       BL               SysTick_Init
   64 00000008 F7FF FFFE       BL               MKBOARD_GPIOinit
   65 0000000C F7FF FFFE       BL               LCD_init
   66 00000010 F7FF FFFE       BL               LCD_ResetLCD
   67 00000014         
   68 00000014         ; Inicializa variáveis
   69 00000014 4823            LDR              R0, =current_number
   70 00000016 2100            MOVS             R1, #0
   71 00000018 6001            STR              R1, [R0]
   72 0000001A 4823            LDR              R0, =current_multiplier
   73 0000001C 6001            STR              R1, [R0]
   74 0000001E         
   75 0000001E         MainLoop
   76 0000001E         ; Lê entrada do teclado
   77 0000001E F7FF FFFE       BL               MKEYBOARD_readKeyboard
   78 00000022 2800            CMP              R0, #0
   79 00000024 D0FB            BEQ              MainLoop
   80 00000026         
   81 00000026         ; Atualiza número atual
   82 00000026 491F            LDR              R1, =current_number
   83 00000028 680A            LDR              R2, [R1]
   84 0000002A 4290            CMP              R0, R2
   85 0000002C D104            BNE              ResetMultiplier
   86 0000002E         
   87 0000002E         ; Incrementa multiplicador
   88 0000002E 491E            LDR              R1, =current_multiplier
   89 00000030 680A            LDR              R2, [R1]
   90 00000032 1C52            ADDS             R2, R2, #1
   91 00000034 600A            STR              R2, [R1]
   92 00000036 E004            B                DisplayTabuada



ARM Macro Assembler    Page 3 


   93 00000038         
   94 00000038         ResetMultiplier
   95 00000038         ; Reseta multiplicador
   96 00000038 491B            LDR              R1, =current_multiplier
   97 0000003A 2200            MOVS             R2, #0
   98 0000003C 600A            STR              R2, [R1]
   99 0000003E         
  100 0000003E         ; Atualiza número atual
  101 0000003E 4919            LDR              R1, =current_number
  102 00000040 6008            STR              R0, [R1]
  103 00000042         
  104 00000042         DisplayTabuada
  105 00000042         ; Exibe "Tabuada do n"
  106 00000042 4918            LDR              R1, =current_number
  107 00000044 680A            LDR              R2, [R1]
  108 00000046 F7FF FFFE       BL               LCD_ResetLCD
  109 0000004A 4818            LDR              R0, =TabuadaDo
  110 0000004C 210B            MOVS             R1, #11
  111 0000004E F7FF FFFE       BL               LCD_printArrayInLcd
  112 00000052 4610            MOV              R0, R2
  113 00000054 F7FF FFFE       BL               envia_dado_lcd
  114 00000058 F7FF FFFE       BL               LCD_PulaCursorSegundaLinha
  115 0000005C         
  116 0000005C         ; Exibe "n x m = resultado"
  117 0000005C 4911            LDR              R1, =current_number
  118 0000005E 680A            LDR              R2, [R1]
  119 00000060 4911            LDR              R1, =current_multiplier
  120 00000062 680B            LDR              R3, [R1]
  121 00000064 FB02 F403       MUL              R4, R2, R3
  122 00000068 4610            MOV              R0, R2
  123 0000006A F7FF FFFE       BL               envia_dado_lcd
  124 0000006E 4810            LDR              R0, =times
  125 00000070 2103            MOVS             R1, #3
  126 00000072 F7FF FFFE       BL               LCD_printArrayInLcd
  127 00000076 4618            MOV              R0, R3
  128 00000078 F7FF FFFE       BL               envia_dado_lcd
  129 0000007C 480D            LDR              R0, =equals
  130 0000007E 2103            MOVS             R1, #3
  131 00000080 F7FF FFFE       BL               LCD_printArrayInLcd
  132 00000084 4620            MOV              R0, R4
  133 00000086 F7FF FFFE       BL               envia_dado_lcd
  134 0000008A E7C8            B                MainLoop
  135 0000008C         
  136 0000008C         TabuadaDo
  137 0000008C 54 61 62 
              75 61 64 
              61 20 64 
              6F 20 00         DCB              "Tabuada do ", 0
  138 00000098         newline
  139 00000098 0A 00           DCB              0x0A, 0
  140 0000009A         times
  141 0000009A 20 78 20 
              00               DCB              " x ", 0
  142 0000009E         equals
  143 0000009E 20 3D 20 
              00               DCB              " = ", 0
  144 000000A2         
  145 000000A2                 END
              00 00 00000000 



ARM Macro Assembler    Page 4 


              00000000 
              00000000 
              00000000 
              00000000 
Command Line: --debug --xref --diag_suppress=9931 --cpu=Cortex-M4.fp.sp --apcs=
interwork --depend=.\main.d -o.\main.o -IC:\Users\correa.koller\AppData\Local\A
rm\Packs\Keil\TM4C_DFP\1.1.0\Device\Include\TM4C129 --predefine="__EVAL SETA 1"
 --predefine="__UVISION_VERSION SETA 536" --predefine="TM4C1294NCPDT SETA 1" --
list=.\main.lst main.s



ARM Macro Assembler    Page 1 Alphabetic symbol ordering
Relocatable symbols

DATA 00000000

Symbol: DATA
   Definitions
      At line 13 in file main.s
   Uses
      None
Comment: DATA unused
Tab_1 00000000

Symbol: Tab_1
   Definitions
      At line 21 in file main.s
   Uses
      None
Comment: Tab_1 unused
Tab_2 00000004

Symbol: Tab_2
   Definitions
      At line 22 in file main.s
   Uses
      None
Comment: Tab_2 unused
Tab_3 00000008

Symbol: Tab_3
   Definitions
      At line 23 in file main.s
   Uses
      None
Comment: Tab_3 unused
Tab_4 0000000C

Symbol: Tab_4
   Definitions
      At line 24 in file main.s
   Uses
      None
Comment: Tab_4 unused
Tab_5 00000010

Symbol: Tab_5
   Definitions
      At line 25 in file main.s
   Uses
      None
Comment: Tab_5 unused
Tab_6 00000014

Symbol: Tab_6
   Definitions
      At line 26 in file main.s
   Uses
      None
Comment: Tab_6 unused
Tab_7 00000018

Symbol: Tab_7



ARM Macro Assembler    Page 2 Alphabetic symbol ordering
Relocatable symbols

   Definitions
      At line 27 in file main.s
   Uses
      None
Comment: Tab_7 unused
Tab_8 0000001C

Symbol: Tab_8
   Definitions
      At line 28 in file main.s
   Uses
      None
Comment: Tab_8 unused
Tab_9 00000020

Symbol: Tab_9
   Definitions
      At line 29 in file main.s
   Uses
      None
Comment: Tab_9 unused
current_multiplier 00000028

Symbol: current_multiplier
   Definitions
      At line 32 in file main.s
   Uses
      At line 72 in file main.s
      At line 88 in file main.s
      At line 96 in file main.s
      At line 119 in file main.s

current_number 00000024

Symbol: current_number
   Definitions
      At line 31 in file main.s
   Uses
      At line 69 in file main.s
      At line 82 in file main.s
      At line 101 in file main.s
      At line 106 in file main.s
      At line 117 in file main.s

12 symbols



ARM Macro Assembler    Page 1 Alphabetic symbol ordering
Relocatable symbols

.text 00000000

Symbol: .text
   Definitions
      At line 37 in file main.s
   Uses
      None
Comment: .text unused
DisplayTabuada 00000042

Symbol: DisplayTabuada
   Definitions
      At line 104 in file main.s
   Uses
      At line 92 in file main.s
Comment: DisplayTabuada used once
MainLoop 0000001E

Symbol: MainLoop
   Definitions
      At line 75 in file main.s
   Uses
      At line 79 in file main.s
      At line 134 in file main.s

ResetMultiplier 00000038

Symbol: ResetMultiplier
   Definitions
      At line 94 in file main.s
   Uses
      At line 85 in file main.s
Comment: ResetMultiplier used once
Start 00000000

Symbol: Start
   Definitions
      At line 60 in file main.s
   Uses
      At line 40 in file main.s
Comment: Start used once
TabuadaDo 0000008C

Symbol: TabuadaDo
   Definitions
      At line 136 in file main.s
   Uses
      At line 109 in file main.s
Comment: TabuadaDo used once
equals 0000009E

Symbol: equals
   Definitions
      At line 142 in file main.s
   Uses
      At line 129 in file main.s
Comment: equals used once
newline 00000098




ARM Macro Assembler    Page 2 Alphabetic symbol ordering
Relocatable symbols

Symbol: newline
   Definitions
      At line 138 in file main.s
   Uses
      None
Comment: newline unused
times 0000009A

Symbol: times
   Definitions
      At line 140 in file main.s
   Uses
      At line 124 in file main.s
Comment: times used once
9 symbols



ARM Macro Assembler    Page 1 Alphabetic symbol ordering
External symbols

LCD_PulaCursorSegundaLinha 00000000

Symbol: LCD_PulaCursorSegundaLinha
   Definitions
      At line 55 in file main.s
   Uses
      At line 114 in file main.s
Comment: LCD_PulaCursorSegundaLinha used once
LCD_ResetLCD 00000000

Symbol: LCD_ResetLCD
   Definitions
      At line 52 in file main.s
   Uses
      At line 66 in file main.s
      At line 108 in file main.s

LCD_SetCursorPos 00000000

Symbol: LCD_SetCursorPos
   Definitions
      At line 53 in file main.s
   Uses
      None
Comment: LCD_SetCursorPos unused
LCD_init 00000000

Symbol: LCD_init
   Definitions
      At line 51 in file main.s
   Uses
      At line 65 in file main.s
Comment: LCD_init used once
LCD_printArrayInLcd 00000000

Symbol: LCD_printArrayInLcd
   Definitions
      At line 54 in file main.s
   Uses
      At line 111 in file main.s
      At line 126 in file main.s
      At line 131 in file main.s

MKBOARD_GPIOinit 00000000

Symbol: MKBOARD_GPIOinit
   Definitions
      At line 57 in file main.s
   Uses
      At line 64 in file main.s
Comment: MKBOARD_GPIOinit used once
MKEYBOARD_readKeyboard 00000000

Symbol: MKEYBOARD_readKeyboard
   Definitions
      At line 58 in file main.s
   Uses
      At line 77 in file main.s
Comment: MKEYBOARD_readKeyboard used once



ARM Macro Assembler    Page 2 Alphabetic symbol ordering
External symbols

PLL_Init 00000000

Symbol: PLL_Init
   Definitions
      At line 47 in file main.s
   Uses
      At line 62 in file main.s
Comment: PLL_Init used once
SysTick_Init 00000000

Symbol: SysTick_Init
   Definitions
      At line 48 in file main.s
   Uses
      At line 63 in file main.s
Comment: SysTick_Init used once
SysTick_Wait 00000000

Symbol: SysTick_Wait
   Definitions
      At line 50 in file main.s
   Uses
      None
Comment: SysTick_Wait unused
SysTick_Wait1ms 00000000

Symbol: SysTick_Wait1ms
   Definitions
      At line 49 in file main.s
   Uses
      None
Comment: SysTick_Wait1ms unused
envia_dado_lcd 00000000

Symbol: envia_dado_lcd
   Definitions
      At line 56 in file main.s
   Uses
      At line 113 in file main.s
      At line 123 in file main.s
      At line 128 in file main.s
      At line 133 in file main.s

12 symbols
369 symbols in table
